  Actor.cpp
C:\Users\ryans\source\repos\SuperPeachSisters\SuperPeachSisters\Actor.cpp(18,58): warning C4244: 'argument': conversion from 'double' to 'int', possible loss of data
C:\Users\ryans\source\repos\SuperPeachSisters\SuperPeachSisters\Actor.cpp(18,50): warning C4244: 'argument': conversion from 'double' to 'int', possible loss of data
C:\Users\ryans\source\repos\SuperPeachSisters\SuperPeachSisters\Actor.cpp(26,62): warning C4244: 'argument': conversion from 'double' to 'int', possible loss of data
C:\Users\ryans\source\repos\SuperPeachSisters\SuperPeachSisters\Actor.cpp(26,51): warning C4244: 'argument': conversion from 'double' to 'int', possible loss of data
C:\Users\ryans\source\repos\SuperPeachSisters\SuperPeachSisters\Actor.cpp(38,62): warning C4244: 'argument': conversion from 'double' to 'int', possible loss of data
C:\Users\ryans\source\repos\SuperPeachSisters\SuperPeachSisters\Actor.cpp(38,51): warning C4244: 'argument': conversion from 'double' to 'int', possible loss of data
C:\Users\ryans\source\repos\SuperPeachSisters\SuperPeachSisters\Actor.cpp(50,75): warning C4244: 'argument': conversion from 'double' to 'int', possible loss of data
C:\Users\ryans\source\repos\SuperPeachSisters\SuperPeachSisters\Actor.cpp(50,51): warning C4244: 'argument': conversion from 'double' to 'int', possible loss of data
C:\Users\ryans\source\repos\SuperPeachSisters\SuperPeachSisters\Actor.cpp(56,75): warning C4244: 'argument': conversion from 'double' to 'int', possible loss of data
C:\Users\ryans\source\repos\SuperPeachSisters\SuperPeachSisters\Actor.cpp(56,51): warning C4244: 'argument': conversion from 'double' to 'int', possible loss of data
C:\Users\ryans\source\repos\SuperPeachSisters\SuperPeachSisters\Actor.cpp(61,59): warning C4244: 'argument': conversion from 'double' to 'int', possible loss of data
C:\Users\ryans\source\repos\SuperPeachSisters\SuperPeachSisters\Actor.cpp(61,48): warning C4244: 'argument': conversion from 'double' to 'int', possible loss of data
C:\Users\ryans\source\repos\SuperPeachSisters\SuperPeachSisters\Actor.cpp(65,9): warning C4804: '>': unsafe use of type 'bool' in operation
C:\Users\ryans\source\repos\SuperPeachSisters\SuperPeachSisters\Actor.cpp(75,100): warning C4244: 'argument': conversion from 'double' to 'int', possible loss of data
C:\Users\ryans\source\repos\SuperPeachSisters\SuperPeachSisters\Actor.cpp(75,45): warning C4244: 'argument': conversion from 'double' to 'int', possible loss of data
C:\Users\ryans\source\repos\SuperPeachSisters\SuperPeachSisters\Actor.cpp(131,53): warning C4244: 'argument': conversion from 'double' to 'int', possible loss of data
C:\Users\ryans\source\repos\SuperPeachSisters\SuperPeachSisters\Actor.cpp(131,42): warning C4244: 'argument': conversion from 'double' to 'int', possible loss of data
C:\Users\ryans\source\repos\SuperPeachSisters\SuperPeachSisters\Actor.cpp(149,58): warning C4244: 'argument': conversion from 'double' to 'int', possible loss of data
C:\Users\ryans\source\repos\SuperPeachSisters\SuperPeachSisters\Actor.cpp(149,50): warning C4244: 'argument': conversion from 'double' to 'int', possible loss of data
C:\Users\ryans\source\repos\SuperPeachSisters\SuperPeachSisters\Actor.cpp(172,66): warning C4244: 'argument': conversion from 'double' to 'int', possible loss of data
C:\Users\ryans\source\repos\SuperPeachSisters\SuperPeachSisters\Actor.cpp(172,56): warning C4244: 'argument': conversion from 'double' to 'int', possible loss of data
C:\Users\ryans\source\repos\SuperPeachSisters\SuperPeachSisters\Actor.cpp(173,94): warning C4244: 'argument': conversion from 'double' to 'int', possible loss of data
C:\Users\ryans\source\repos\SuperPeachSisters\SuperPeachSisters\Actor.cpp(173,81): warning C4244: 'argument': conversion from 'double' to 'int', possible loss of data
C:\Users\ryans\source\repos\SuperPeachSisters\SuperPeachSisters\Actor.cpp(183,59): warning C4244: 'argument': conversion from 'double' to 'int', possible loss of data
C:\Users\ryans\source\repos\SuperPeachSisters\SuperPeachSisters\Actor.cpp(183,49): warning C4244: 'argument': conversion from 'double' to 'int', possible loss of data
C:\Users\ryans\source\repos\SuperPeachSisters\SuperPeachSisters\Actor.cpp(213,49): warning C4244: 'argument': conversion from 'double' to 'int', possible loss of data
C:\Users\ryans\source\repos\SuperPeachSisters\SuperPeachSisters\Actor.cpp(213,41): warning C4244: 'argument': conversion from 'double' to 'int', possible loss of data
C:\Users\ryans\source\repos\SuperPeachSisters\SuperPeachSisters\Actor.cpp(219,38): warning C4244: 'argument': conversion from 'double' to 'int', possible loss of data
C:\Users\ryans\source\repos\SuperPeachSisters\SuperPeachSisters\Actor.cpp(219,30): warning C4244: 'argument': conversion from 'double' to 'int', possible loss of data
C:\Users\ryans\source\repos\SuperPeachSisters\SuperPeachSisters\Actor.cpp(227,60): warning C4244: 'argument': conversion from 'double' to 'int', possible loss of data
C:\Users\ryans\source\repos\SuperPeachSisters\SuperPeachSisters\Actor.cpp(227,52): warning C4244: 'argument': conversion from 'double' to 'int', possible loss of data
C:\Users\ryans\source\repos\SuperPeachSisters\SuperPeachSisters\Actor.cpp(236,11): warning C4244: 'initializing': conversion from 'double' to 'int', possible loss of data
C:\Users\ryans\source\repos\SuperPeachSisters\SuperPeachSisters\Actor.cpp(237,61): warning C4244: 'argument': conversion from 'double' to 'int', possible loss of data
C:\Users\ryans\source\repos\SuperPeachSisters\SuperPeachSisters\Actor.cpp(237,50): warning C4244: 'argument': conversion from 'double' to 'int', possible loss of data
C:\Users\ryans\source\repos\SuperPeachSisters\SuperPeachSisters\Actor.cpp(239,17): warning C4244: '=': conversion from 'double' to 'int', possible loss of data
C:\Users\ryans\source\repos\SuperPeachSisters\SuperPeachSisters\Actor.cpp(243,11): warning C4244: 'initializing': conversion from 'double' to 'int', possible loss of data
C:\Users\ryans\source\repos\SuperPeachSisters\SuperPeachSisters\Actor.cpp(301,58): warning C4244: 'argument': conversion from 'double' to 'int', possible loss of data
C:\Users\ryans\source\repos\SuperPeachSisters\SuperPeachSisters\Actor.cpp(301,50): warning C4244: 'argument': conversion from 'double' to 'int', possible loss of data
  GameController.cpp
  GameWorld.cpp
  main.cpp
  StudentWorld.cpp
C:\Users\ryans\source\repos\SuperPeachSisters\SuperPeachSisters\StudentWorld.cpp(184,18): warning C4244: 'initializing': conversion from 'double' to 'int', possible loss of data
C:\Users\ryans\source\repos\SuperPeachSisters\SuperPeachSisters\StudentWorld.cpp(185,18): warning C4244: 'initializing': conversion from 'double' to 'int', possible loss of data
C:\Users\ryans\source\repos\SuperPeachSisters\SuperPeachSisters\StudentWorld.cpp(206,18): warning C4244: 'initializing': conversion from 'double' to 'int', possible loss of data
C:\Users\ryans\source\repos\SuperPeachSisters\SuperPeachSisters\StudentWorld.cpp(207,18): warning C4244: 'initializing': conversion from 'double' to 'int', possible loss of data
  Generating Code...
  SuperPeachSisters.vcxproj -> C:\Users\ryans\source\repos\SuperPeachSisters\Debug\SuperPeachSisters.exe
